<?xml version="1.0" encoding="UTF-8"?>
<coverage generated="1782109079023" clover="3.2.0">
  <project timestamp="1782109079024" name="All files">
    <metrics statements="54" coveredstatements="50" conditionals="22" coveredconditionals="21" methods="16" coveredmethods="12" elements="92" coveredelements="83" complexity="0" loc="54" ncloc="54" packages="3" files="6" classes="6"/>
    <package name="application.auth">
      <metrics statements="35" coveredstatements="35" conditionals="19" coveredconditionals="19" methods="4" coveredmethods="4"/>
      <file name="LoginUseCase.ts" path="C:\Users\mrobel\OneDrive - Baker Tilly MRU\Personnel\my_app\back\src\application\auth\LoginUseCase.ts">
        <metrics statements="17" coveredstatements="17" conditionals="6" coveredconditionals="6" methods="2" coveredmethods="2"/>
        <line num="3" count="1" type="stmt"/>
        <line num="4" count="1" type="stmt"/>
        <line num="6" count="1" type="stmt"/>
        <line num="8" count="4" type="stmt"/>
        <line num="9" count="4" type="stmt"/>
        <line num="13" count="4" type="stmt"/>
        <line num="14" count="4" type="cond" truecount="2" falsecount="0"/>
        <line num="15" count="1" type="stmt"/>
        <line num="18" count="3" type="stmt"/>
        <line num="19" count="3" type="stmt"/>
        <line num="21" count="3" type="cond" truecount="2" falsecount="0"/>
        <line num="22" count="2" type="cond" truecount="2" falsecount="0"/>
        <line num="23" count="1" type="stmt"/>
        <line num="25" count="1" type="stmt"/>
        <line num="31" count="1" type="stmt"/>
        <line num="41" count="1" type="stmt"/>
        <line num="43" count="1" type="stmt"/>
      </file>
      <file name="RegisterUseCase.ts" path="C:\Users\mrobel\OneDrive - Baker Tilly MRU\Personnel\my_app\back\src\application\auth\RegisterUseCase.ts">
        <metrics statements="18" coveredstatements="18" conditionals="13" coveredconditionals="13" methods="2" coveredmethods="2"/>
        <line num="2" count="1" type="stmt"/>
        <line num="3" count="1" type="stmt"/>
        <line num="4" count="1" type="stmt"/>
        <line num="6" count="1" type="stmt"/>
        <line num="7" count="6" type="stmt"/>
        <line num="16" count="6" type="cond" truecount="5" falsecount="0"/>
        <line num="17" count="1" type="stmt"/>
        <line num="20" count="5" type="cond" truecount="2" falsecount="0"/>
        <line num="21" count="1" type="stmt"/>
        <line num="24" count="4" type="stmt"/>
        <line num="25" count="4" type="cond" truecount="2" falsecount="0"/>
        <line num="26" count="1" type="stmt"/>
        <line num="29" count="3" type="stmt"/>
        <line num="30" count="3" type="cond" truecount="2" falsecount="0"/>
        <line num="31" count="1" type="stmt"/>
        <line num="34" count="2" type="stmt"/>
        <line num="44" count="2" type="stmt"/>
        <line num="45" count="2" type="stmt"/>
      </file>
    </package>
    <package name="domain.entities">
      <metrics statements="10" coveredstatements="6" conditionals="0" coveredconditionals="0" methods="9" coveredmethods="5"/>
      <file name="User.ts" path="C:\Users\mrobel\OneDrive - Baker Tilly MRU\Personnel\my_app\back\src\domain\entities\User.ts">
        <metrics statements="10" coveredstatements="6" conditionals="0" coveredconditionals="0" methods="9" coveredmethods="5"/>
        <line num="11" count="2" type="stmt"/>
        <line num="12" count="6" type="stmt"/>
        <line num="15" count="2" type="stmt"/>
        <line num="19" count="0" type="stmt"/>
        <line num="23" count="1" type="stmt"/>
        <line num="27" count="0" type="stmt"/>
        <line num="31" count="0" type="stmt"/>
        <line num="35" count="0" type="stmt"/>
        <line num="39" count="2" type="stmt"/>
        <line num="43" count="2" type="stmt"/>
      </file>
    </package>
    <package name="domain.exceptions">
      <metrics statements="9" coveredstatements="9" conditionals="3" coveredconditionals="2" methods="3" coveredmethods="3"/>
      <file name="InvalidCredentialsError.ts" path="C:\Users\mrobel\OneDrive - Baker Tilly MRU\Personnel\my_app\back\src\domain\exceptions\InvalidCredentialsError.ts">
        <metrics statements="3" coveredstatements="3" conditionals="1" coveredconditionals="1" methods="1" coveredmethods="1"/>
        <line num="1" count="1" type="stmt"/>
        <line num="3" count="1" type="stmt"/>
        <line num="4" count="1" type="stmt"/>
      </file>
      <file name="InvalidInputError.ts" path="C:\Users\mrobel\OneDrive - Baker Tilly MRU\Personnel\my_app\back\src\domain\exceptions\InvalidInputError.ts">
        <metrics statements="3" coveredstatements="3" conditionals="1" coveredconditionals="0" methods="1" coveredmethods="1"/>
        <line num="1" count="1" type="stmt"/>
        <line num="3" count="2" type="stmt"/>
        <line num="4" count="2" type="stmt"/>
      </file>
      <file name="UserAlreadyExistsError.ts" path="C:\Users\mrobel\OneDrive - Baker Tilly MRU\Personnel\my_app\back\src\domain\exceptions\UserAlreadyExistsError.ts">
        <metrics statements="3" coveredstatements="3" conditionals="1" coveredconditionals="1" methods="1" coveredmethods="1"/>
        <line num="1" count="1" type="stmt"/>
        <line num="3" count="2" type="stmt"/>
        <line num="4" count="2" type="stmt"/>
      </file>
    </package>
  </project>
</coverage>
