{"C:\\Users\\mrobel\\OneDrive - Baker Tilly MRU\\Personnel\\my_app\\back\\src\\application\\auth\\LoginUseCase.ts": {"path":"C:\\Users\\mrobel\\OneDrive - Baker Tilly MRU\\Personnel\\my_app\\back\\src\\application\\auth\\LoginUseCase.ts","statementMap":{"0":{"start":{"line":3,"column":0},"end":{"line":3,"column":49}},"1":{"start":{"line":4,"column":0},"end":{"line":4,"column":89}},"2":{"start":{"line":8,"column":12},"end":{"line":8,"column":42}},"3":{"start":{"line":9,"column":12},"end":{"line":9,"column":38}},"4":{"start":{"line":13,"column":20},"end":{"line":13,"column":69}},"5":{"start":{"line":14,"column":4},"end":{"line":16,"column":5}},"6":{"start":{"line":15,"column":6},"end":{"line":15,"column":null}},"7":{"start":{"line":18,"column":22},"end":{"line":18,"column":73}},"8":{"start":{"line":19,"column":25},"end":{"line":19,"column":83}},"9":{"start":{"line":21,"column":4},"end":{"line":29,"column":5}},"10":{"start":{"line":22,"column":6},"end":{"line":24,"column":7}},"11":{"start":{"line":23,"column":8},"end":{"line":23,"column":null}},"12":{"start":{"line":25,"column":6},"end":{"line":28,"column":null}},"13":{"start":{"line":31,"column":20},"end":{"line":39,"column":6}},"14":{"start":{"line":41,"column":4},"end":{"line":41,"column":null}},"15":{"start":{"line":43,"column":4},"end":{"line":46,"column":null}},"16":{"start":{"line":6,"column":0},"end":{"line":6,"column":13}}},"fnMap":{"0":{"name":"(anonymous_0)","decl":{"start":{"line":7,"column":2},"end":{"line":7,"column":null}},"loc":{"start":{"line":9,"column":38},"end":{"line":10,"column":6}}},"1":{"name":"(anonymous_1)","decl":{"start":{"line":12,"column":2},"end":{"line":12,"column":7}},"loc":{"start":{"line":12,"column":29},"end":{"line":47,"column":3}}}},"branchMap":{"0":{"loc":{"start":{"line":14,"column":4},"end":{"line":16,"column":5}},"type":"if","locations":[{"start":{"line":14,"column":4},"end":{"line":16,"column":5}},{"start":{},"end":{}}]},"1":{"loc":{"start":{"line":21,"column":4},"end":{"line":29,"column":5}},"type":"if","locations":[{"start":{"line":21,"column":4},"end":{"line":29,"column":5}},{"start":{},"end":{}}]},"2":{"loc":{"start":{"line":22,"column":6},"end":{"line":24,"column":7}},"type":"if","locations":[{"start":{"line":22,"column":6},"end":{"line":24,"column":7}},{"start":{},"end":{}}]}},"s":{"0":1,"1":1,"2":4,"3":4,"4":4,"5":4,"6":1,"7":3,"8":3,"9":3,"10":2,"11":1,"12":1,"13":1,"14":1,"15":1,"16":1},"f":{"0":4,"1":4},"b":{"0":[1,3],"1":[2,1],"2":[1,1]}}
,"C:\\Users\\mrobel\\OneDrive - Baker Tilly MRU\\Personnel\\my_app\\back\\src\\application\\auth\\RegisterUseCase.ts": {"path":"C:\\Users\\mrobel\\OneDrive - Baker Tilly MRU\\Personnel\\my_app\\back\\src\\application\\auth\\RegisterUseCase.ts","statementMap":{"0":{"start":{"line":2,"column":0},"end":{"line":2,"column":49}},"1":{"start":{"line":3,"column":0},"end":{"line":3,"column":87}},"2":{"start":{"line":4,"column":0},"end":{"line":4,"column":77}},"3":{"start":{"line":7,"column":22},"end":{"line":7,"column":52}},"4":{"start":{"line":16,"column":4},"end":{"line":18,"column":5}},"5":{"start":{"line":17,"column":6},"end":{"line":17,"column":null}},"6":{"start":{"line":20,"column":4},"end":{"line":22,"column":5}},"7":{"start":{"line":21,"column":6},"end":{"line":21,"column":null}},"8":{"start":{"line":24,"column":30},"end":{"line":24,"column":84}},"9":{"start":{"line":25,"column":4},"end":{"line":27,"column":5}},"10":{"start":{"line":26,"column":6},"end":{"line":26,"column":null}},"11":{"start":{"line":29,"column":30},"end":{"line":29,"column":82}},"12":{"start":{"line":30,"column":4},"end":{"line":32,"column":5}},"13":{"start":{"line":31,"column":6},"end":{"line":31,"column":null}},"14":{"start":{"line":34,"column":17},"end":{"line":42,"column":6}},"15":{"start":{"line":44,"column":22},"end":{"line":44,"column":58}},"16":{"start":{"line":45,"column":4},"end":{"line":48,"column":null}},"17":{"start":{"line":6,"column":0},"end":{"line":6,"column":13}}},"fnMap":{"0":{"name":"(anonymous_0)","decl":{"start":{"line":7,"column":2},"end":{"line":7,"column":22}},"loc":{"start":{"line":7,"column":52},"end":{"line":7,"column":56}}},"1":{"name":"(anonymous_1)","decl":{"start":{"line":9,"column":2},"end":{"line":9,"column":7}},"loc":{"start":{"line":15,"column":3},"end":{"line":49,"column":3}}}},"branchMap":{"0":{"loc":{"start":{"line":16,"column":4},"end":{"line":18,"column":5}},"type":"if","locations":[{"start":{"line":16,"column":4},"end":{"line":18,"column":5}},{"start":{},"end":{}}]},"1":{"loc":{"start":{"line":16,"column":8},"end":{"line":16,"column":59}},"type":"binary-expr","locations":[{"start":{"line":16,"column":8},"end":{"line":16,"column":20}},{"start":{"line":16,"column":24},"end":{"line":16,"column":40}},{"start":{"line":16,"column":44},"end":{"line":16,"column":59}}]},"2":{"loc":{"start":{"line":20,"column":4},"end":{"line":22,"column":5}},"type":"if","locations":[{"start":{"line":20,"column":4},"end":{"line":22,"column":5}},{"start":{},"end":{}}]},"3":{"loc":{"start":{"line":25,"column":4},"end":{"line":27,"column":5}},"type":"if","locations":[{"start":{"line":25,"column":4},"end":{"line":27,"column":5}},{"start":{},"end":{}}]},"4":{"loc":{"start":{"line":30,"column":4},"end":{"line":32,"column":5}},"type":"if","locations":[{"start":{"line":30,"column":4},"end":{"line":32,"column":5}},{"start":{},"end":{}}]},"5":{"loc":{"start":{"line":40,"column":12},"end":{"line":40,"column":36}},"type":"binary-expr","locations":[{"start":{"line":40,"column":12},"end":{"line":40,"column":22}},{"start":{"line":40,"column":26},"end":{"line":40,"column":36}}]}},"s":{"0":1,"1":1,"2":1,"3":6,"4":6,"5":1,"6":5,"7":1,"8":4,"9":4,"10":1,"11":3,"12":3,"13":1,"14":2,"15":2,"16":2,"17":1},"f":{"0":6,"1":6},"b":{"0":[1,5],"1":[6,5,5],"2":[1,4],"3":[1,3],"4":[1,2],"5":[2,1]}}
,"C:\\Users\\mrobel\\OneDrive - Baker Tilly MRU\\Personnel\\my_app\\back\\src\\domain\\entities\\User.ts": {"path":"C:\\Users\\mrobel\\OneDrive - Baker Tilly MRU\\Personnel\\my_app\\back\\src\\domain\\entities\\User.ts","statementMap":{"0":{"start":{"line":12,"column":22},"end":{"line":12,"column":38}},"1":{"start":{"line":15,"column":4},"end":{"line":15,"column":null}},"2":{"start":{"line":19,"column":4},"end":{"line":19,"column":null}},"3":{"start":{"line":23,"column":4},"end":{"line":23,"column":null}},"4":{"start":{"line":27,"column":4},"end":{"line":27,"column":null}},"5":{"start":{"line":31,"column":4},"end":{"line":31,"column":null}},"6":{"start":{"line":35,"column":4},"end":{"line":35,"column":null}},"7":{"start":{"line":39,"column":4},"end":{"line":39,"column":null}},"8":{"start":{"line":43,"column":4},"end":{"line":43,"column":null}},"9":{"start":{"line":11,"column":0},"end":{"line":11,"column":13}}},"fnMap":{"0":{"name":"(anonymous_0)","decl":{"start":{"line":12,"column":2},"end":{"line":12,"column":22}},"loc":{"start":{"line":12,"column":38},"end":{"line":12,"column":42}}},"1":{"name":"(anonymous_1)","decl":{"start":{"line":14,"column":2},"end":{"line":14,"column":6}},"loc":{"start":{"line":14,"column":8},"end":{"line":16,"column":3}}},"2":{"name":"(anonymous_2)","decl":{"start":{"line":18,"column":2},"end":{"line":18,"column":6}},"loc":{"start":{"line":18,"column":13},"end":{"line":20,"column":3}}},"3":{"name":"(anonymous_3)","decl":{"start":{"line":22,"column":2},"end":{"line":22,"column":6}},"loc":{"start":{"line":22,"column":11},"end":{"line":24,"column":3}}},"4":{"name":"(anonymous_4)","decl":{"start":{"line":26,"column":2},"end":{"line":26,"column":6}},"loc":{"start":{"line":26,"column":15},"end":{"line":28,"column":3}}},"5":{"name":"(anonymous_5)","decl":{"start":{"line":30,"column":2},"end":{"line":30,"column":6}},"loc":{"start":{"line":30,"column":14},"end":{"line":32,"column":3}}},"6":{"name":"(anonymous_6)","decl":{"start":{"line":34,"column":2},"end":{"line":34,"column":6}},"loc":{"start":{"line":34,"column":10},"end":{"line":36,"column":3}}},"7":{"name":"(anonymous_7)","decl":{"start":{"line":38,"column":2},"end":{"line":38,"column":6}},"loc":{"start":{"line":38,"column":14},"end":{"line":40,"column":3}}},"8":{"name":"(anonymous_8)","decl":{"start":{"line":42,"column":2},"end":{"line":42,"column":8}},"loc":{"start":{"line":42,"column":8},"end":{"line":44,"column":3}}}},"branchMap":{},"s":{"0":6,"1":2,"2":0,"3":1,"4":0,"5":0,"6":0,"7":2,"8":2,"9":2},"f":{"0":6,"1":2,"2":0,"3":1,"4":0,"5":0,"6":0,"7":2,"8":2},"b":{}}
,"C:\\Users\\mrobel\\OneDrive - Baker Tilly MRU\\Personnel\\my_app\\back\\src\\domain\\exceptions\\InvalidCredentialsError.ts": {"path":"C:\\Users\\mrobel\\OneDrive - Baker Tilly MRU\\Personnel\\my_app\\back\\src\\domain\\exceptions\\InvalidCredentialsError.ts","statementMap":{"0":{"start":{"line":3,"column":4},"end":{"line":3,"column":null}},"1":{"start":{"line":4,"column":4},"end":{"line":4,"column":null}},"2":{"start":{"line":1,"column":0},"end":{"line":1,"column":13}}},"fnMap":{"0":{"name":"(anonymous_0)","decl":{"start":{"line":2,"column":2},"end":{"line":2,"column":14}},"loc":{"start":{"line":2,"column":45},"end":{"line":5,"column":3}}}},"branchMap":{"0":{"loc":{"start":{"line":2,"column":14},"end":{"line":2,"column":45}},"type":"default-arg","locations":[{"start":{"line":2,"column":24},"end":{"line":2,"column":45}}]}},"s":{"0":1,"1":1,"2":1},"f":{"0":1},"b":{"0":[1]}}
,"C:\\Users\\mrobel\\OneDrive - Baker Tilly MRU\\Personnel\\my_app\\back\\src\\domain\\exceptions\\InvalidInputError.ts": {"path":"C:\\Users\\mrobel\\OneDrive - Baker Tilly MRU\\Personnel\\my_app\\back\\src\\domain\\exceptions\\InvalidInputError.ts","statementMap":{"0":{"start":{"line":3,"column":4},"end":{"line":3,"column":null}},"1":{"start":{"line":4,"column":4},"end":{"line":4,"column":null}},"2":{"start":{"line":1,"column":0},"end":{"line":1,"column":13}}},"fnMap":{"0":{"name":"(anonymous_0)","decl":{"start":{"line":2,"column":2},"end":{"line":2,"column":14}},"loc":{"start":{"line":2,"column":39},"end":{"line":5,"column":3}}}},"branchMap":{"0":{"loc":{"start":{"line":2,"column":14},"end":{"line":2,"column":39}},"type":"default-arg","locations":[{"start":{"line":2,"column":24},"end":{"line":2,"column":39}}]}},"s":{"0":2,"1":2,"2":1},"f":{"0":2},"b":{"0":[0]}}
,"C:\\Users\\mrobel\\OneDrive - Baker Tilly MRU\\Personnel\\my_app\\back\\src\\domain\\exceptions\\UserAlreadyExistsError.ts": {"path":"C:\\Users\\mrobel\\OneDrive - Baker Tilly MRU\\Personnel\\my_app\\back\\src\\domain\\exceptions\\UserAlreadyExistsError.ts","statementMap":{"0":{"start":{"line":3,"column":4},"end":{"line":3,"column":null}},"1":{"start":{"line":4,"column":4},"end":{"line":4,"column":null}},"2":{"start":{"line":1,"column":0},"end":{"line":1,"column":13}}},"fnMap":{"0":{"name":"(anonymous_0)","decl":{"start":{"line":2,"column":2},"end":{"line":2,"column":14}},"loc":{"start":{"line":2,"column":45},"end":{"line":5,"column":3}}}},"branchMap":{"0":{"loc":{"start":{"line":2,"column":14},"end":{"line":2,"column":45}},"type":"default-arg","locations":[{"start":{"line":2,"column":24},"end":{"line":2,"column":45}}]}},"s":{"0":2,"1":2,"2":1},"f":{"0":2},"b":{"0":[2]}}
}
