TN:
SF:src\application\auth\LoginUseCase.ts
FN:7,(anonymous_0)
FN:12,(anonymous_1)
FNF:2
FNH:2
FNDA:4,(anonymous_0)
FNDA:4,(anonymous_1)
DA:3,1
DA:4,1
DA:6,1
DA:8,4
DA:9,4
DA:13,4
DA:14,4
DA:15,1
DA:18,3
DA:19,3
DA:21,3
DA:22,2
DA:23,1
DA:25,1
DA:31,1
DA:41,1
DA:43,1
LF:17
LH:17
BRDA:14,0,0,1
BRDA:14,0,1,3
BRDA:21,1,0,2
BRDA:21,1,1,1
BRDA:22,2,0,1
BRDA:22,2,1,1
BRF:6
BRH:6
end_of_record
TN:
SF:src\application\auth\RegisterUseCase.ts
FN:7,(anonymous_0)
FN:9,(anonymous_1)
FNF:2
FNH:2
FNDA:6,(anonymous_0)
FNDA:6,(anonymous_1)
DA:2,1
DA:3,1
DA:4,1
DA:6,1
DA:7,6
DA:16,6
DA:17,1
DA:20,5
DA:21,1
DA:24,4
DA:25,4
DA:26,1
DA:29,3
DA:30,3
DA:31,1
DA:34,2
DA:44,2
DA:45,2
LF:18
LH:18
BRDA:16,0,0,1
BRDA:16,0,1,5
BRDA:16,1,0,6
BRDA:16,1,1,5
BRDA:16,1,2,5
BRDA:20,2,0,1
BRDA:20,2,1,4
BRDA:25,3,0,1
BRDA:25,3,1,3
BRDA:30,4,0,1
BRDA:30,4,1,2
BRDA:40,5,0,2
BRDA:40,5,1,1
BRF:13
BRH:13
end_of_record
TN:
SF:src\domain\entities\User.ts
FN:12,(anonymous_0)
FN:14,(anonymous_1)
FN:18,(anonymous_2)
FN:22,(anonymous_3)
FN:26,(anonymous_4)
FN:30,(anonymous_5)
FN:34,(anonymous_6)
FN:38,(anonymous_7)
FN:42,(anonymous_8)
FNF:9
FNH:5
FNDA:6,(anonymous_0)
FNDA:2,(anonymous_1)
FNDA:0,(anonymous_2)
FNDA:1,(anonymous_3)
FNDA:0,(anonymous_4)
FNDA:0,(anonymous_5)
FNDA:0,(anonymous_6)
FNDA:2,(anonymous_7)
FNDA:2,(anonymous_8)
DA:11,2
DA:12,6
DA:15,2
DA:19,0
DA:23,1
DA:27,0
DA:31,0
DA:35,0
DA:39,2
DA:43,2
LF:10
LH:6
BRF:0
BRH:0
end_of_record
TN:
SF:src\domain\exceptions\InvalidCredentialsError.ts
FN:2,(anonymous_0)
FNF:1
FNH:1
FNDA:1,(anonymous_0)
DA:1,1
DA:3,1
DA:4,1
LF:3
LH:3
BRDA:2,0,0,1
BRF:1
BRH:1
end_of_record
TN:
SF:src\domain\exceptions\InvalidInputError.ts
FN:2,(anonymous_0)
FNF:1
FNH:1
FNDA:2,(anonymous_0)
DA:1,1
DA:3,2
DA:4,2
LF:3
LH:3
BRDA:2,0,0,0
BRF:1
BRH:0
end_of_record
TN:
SF:src\domain\exceptions\UserAlreadyExistsError.ts
FN:2,(anonymous_0)
FNF:1
FNH:1
FNDA:2,(anonymous_0)
DA:1,1
DA:3,2
DA:4,2
LF:3
LH:3
BRDA:2,0,0,2
BRF:1
BRH:1
end_of_record
